d:\obs-studio-21.1.2\htsutils\crashcatch\lib\release\crashcatch.bsc
d:\obs-studio-21.1.2\htsutils\crashcatch\crashcatch\debugdll\crashcatch.pdb
d:\obs-studio-21.1.2\htsutils\crashcatch\crashcatch\debugdll\crashcatch.idb
d:\obs-studio-21.1.2\htsutils\crashcatch\crashcatch\releasex\crashcatch.sbr
d:\obs-studio-21.1.2\htsutils\crashcatch\crashcatch\releasex\version.sbr
d:\obs-studio-21.1.2\htsutils\crashcatch\crashcatch\releasex\windowsversion.sbr
d:\obs-studio-21.1.2\htsutils\crashcatch\crashcatch\debugdll\windowsversion.obj
d:\obs-studio-21.1.2\htsutils\crashcatch\crashcatch\debugdll\version.obj
d:\obs-studio-21.1.2\htsutils\crashcatch\crashcatch\debugdll\crashcatch.obj
d:\obs-studio-21.1.2\htsutils\crashcatch\lib\release\crashcatch.lib
d:\obs-studio-21.1.2\htsutils\crashcatch\crashcatch\releasex\crashcatch.vcxprojresolveassemblyreference.cache
d:\obs-studio-21.1.2\htsutils\crashcatch\crashcatch\..\lib\release\crashcatch.lib
d:\obs-studio-21.1.2\htsutils\crashcatch\crashcatch\releasex\crashcatch.tlog\bscmake.command.1.tlog
d:\obs-studio-21.1.2\htsutils\crashcatch\crashcatch\releasex\crashcatch.tlog\bscmake.read.1.tlog
d:\obs-studio-21.1.2\htsutils\crashcatch\crashcatch\releasex\crashcatch.tlog\bscmake.write.1.tlog
d:\obs-studio-21.1.2\htsutils\crashcatch\crashcatch\releasex\crashcatch.tlog\cl.command.1.tlog
d:\obs-studio-21.1.2\htsutils\crashcatch\crashcatch\releasex\crashcatch.tlog\cl.read.1.tlog
d:\obs-studio-21.1.2\htsutils\crashcatch\crashcatch\releasex\crashcatch.tlog\cl.write.1.tlog
d:\obs-studio-21.1.2\htsutils\crashcatch\crashcatch\releasex\crashcatch.tlog\lib-link.read.1.tlog
d:\obs-studio-21.1.2\htsutils\crashcatch\crashcatch\releasex\crashcatch.tlog\lib-link.write.1.tlog
d:\obs-studio-21.1.2\htsutils\crashcatch\crashcatch\releasex\crashcatch.tlog\lib.command.1.tlog
