c:\users\administrator\documents\visual studio 2015\projects\readwechatpay\readwechatpay\debug\vc140.pdb
c:\users\administrator\documents\visual studio 2015\projects\readwechatpay\readwechatpay\debug\readwechatpay.obj
c:\users\administrator\documents\visual studio 2015\projects\readwechatpay\readwechatpay\debug\main.obj
c:\users\administrator\documents\visual studio 2015\projects\readwechatpay\readwechatpay\debug\getimagesize.obj
c:\users\administrator\documents\visual studio 2015\projects\readwechatpay\readwechatpay\debug\moc_readwechatpay.obj
c:\users\administrator\documents\visual studio 2015\projects\readwechatpay\readwechatpay\debug\qrc_readwechatpay.obj
c:\users\administrator\documents\visual studio 2015\projects\readwechatpay\readwechatpay\generatedfiles\ui_readwechatpay.h
c:\users\administrator\documents\visual studio 2015\projects\readwechatpay\readwechatpay\generatedfiles\qrc_readwechatpay.cpp
c:\users\administrator\documents\visual studio 2015\projects\readwechatpay\readwechatpay\generatedfiles\debug\moc_readwechatpay.cpp
c:\users\administrator\documents\visual studio 2015\projects\readwechatpay\win32\debug\readwechatpay.ilk
c:\users\administrator\documents\visual studio 2015\projects\readwechatpay\win32\debug\readwechatpay.exe
c:\users\administrator\documents\visual studio 2015\projects\readwechatpay\win32\debug\readwechatpay.pdb
c:\users\administrator\documents\visual studio 2015\projects\readwechatpay\readwechatpay\debug\readwechatpay.tlog\cl.command.1.tlog
c:\users\administrator\documents\visual studio 2015\projects\readwechatpay\readwechatpay\debug\readwechatpay.tlog\cl.read.1.tlog
c:\users\administrator\documents\visual studio 2015\projects\readwechatpay\readwechatpay\debug\readwechatpay.tlog\cl.write.1.tlog
c:\users\administrator\documents\visual studio 2015\projects\readwechatpay\readwechatpay\debug\readwechatpay.tlog\custombuild.command.1.tlog
c:\users\administrator\documents\visual studio 2015\projects\readwechatpay\readwechatpay\debug\readwechatpay.tlog\custombuild.read.1.tlog
c:\users\administrator\documents\visual studio 2015\projects\readwechatpay\readwechatpay\debug\readwechatpay.tlog\custombuild.write.1.tlog
c:\users\administrator\documents\visual studio 2015\projects\readwechatpay\readwechatpay\debug\readwechatpay.tlog\link.command.1.tlog
c:\users\administrator\documents\visual studio 2015\projects\readwechatpay\readwechatpay\debug\readwechatpay.tlog\link.read.1.tlog
c:\users\administrator\documents\visual studio 2015\projects\readwechatpay\readwechatpay\debug\readwechatpay.tlog\link.write.1.tlog
