d:\obs-studio-21.1.2\htsutils\debug\htsutils.pdb
d:\obs-studio-21.1.2\htsutils\debug\htsutils.idb
d:\obs-studio-21.1.2\htsutils\debug\appini.obj
d:\obs-studio-21.1.2\htsutils\debug\cmyini.obj
d:\obs-studio-21.1.2\htsutils\debug\countlylog.obj
d:\obs-studio-21.1.2\htsutils\debug\dataanalysis.obj
d:\obs-studio-21.1.2\htsutils\debug\json_reader.obj
d:\obs-studio-21.1.2\htsutils\debug\json_value.obj
d:\obs-studio-21.1.2\htsutils\debug\json_writer.obj
d:\obs-studio-21.1.2\htsutils\debug\md5encode.obj
d:\obs-studio-21.1.2\htsutils\debug\stdafx.obj
d:\obs-studio-21.1.2\htsutils\debug\userinfo.obj
d:\obs-studio-21.1.2\htsutils\debug\utils.obj
d:\obs-studio-21.1.2\lib\htsutils.lib
d:\obs-studio-21.1.2\htsutils\..\lib\htsutils.lib
d:\obs-studio-21.1.2\htsutils\debug\htsutils.tlog\cl.command.1.tlog
d:\obs-studio-21.1.2\htsutils\debug\htsutils.tlog\cl.read.1.tlog
d:\obs-studio-21.1.2\htsutils\debug\htsutils.tlog\cl.write.1.tlog
d:\obs-studio-21.1.2\htsutils\debug\htsutils.tlog\lib-link.read.1.tlog
d:\obs-studio-21.1.2\htsutils\debug\htsutils.tlog\lib-link.write.1.tlog
d:\obs-studio-21.1.2\htsutils\debug\htsutils.tlog\lib.command.1.tlog
