d:\obs-studio-21.1.2\htsutils\release\htsutils.pdb
d:\obs-studio-21.1.2\htsutils\release\utils.obj
d:\obs-studio-21.1.2\htsutils\release\userinfo.obj
d:\obs-studio-21.1.2\htsutils\release\stdafx.obj
d:\obs-studio-21.1.2\htsutils\release\md5encode.obj
d:\obs-studio-21.1.2\htsutils\release\json_writer.obj
d:\obs-studio-21.1.2\htsutils\release\json_value.obj
d:\obs-studio-21.1.2\htsutils\release\json_reader.obj
d:\obs-studio-21.1.2\htsutils\release\dataanalysis.obj
d:\obs-studio-21.1.2\htsutils\release\countlylog.obj
d:\obs-studio-21.1.2\htsutils\release\cmyini.obj
d:\obs-studio-21.1.2\htsutils\release\appini.obj
d:\obs-studio-21.1.2\lib\release\htsutils.lib
d:\obs-studio-21.1.2\htsutils\..\lib\release\htsutils.lib
d:\obs-studio-21.1.2\htsutils\release\htsutils.tlog\cl.command.1.tlog
d:\obs-studio-21.1.2\htsutils\release\htsutils.tlog\cl.read.1.tlog
d:\obs-studio-21.1.2\htsutils\release\htsutils.tlog\cl.write.1.tlog
d:\obs-studio-21.1.2\htsutils\release\htsutils.tlog\lib-link.read.1.tlog
d:\obs-studio-21.1.2\htsutils\release\htsutils.tlog\lib-link.write.1.tlog
d:\obs-studio-21.1.2\htsutils\release\htsutils.tlog\lib.command.1.tlog
